<?xml version="1.0" encoding="UTF-8" ?>
<testsuite tests="24" failures="0" name="IngredientTest" time="0.006" errors="0" skipped="0">
  <properties>
[...]
</properties>
  <testcase classname="IngredientTest" name="getNameReturnTrueName[ 0 -&gt; Type: SAUCE, Name: hot sauce, Price: 100 ]" time="0.001"/>
  <testcase classname="IngredientTest" name="getPriceReturnTruePrice[ 0 -&gt; Type: SAUCE, Name: hot sauce, Price: 100 ]" time="0"/>
  <testcase classname="IngredientTest" name="getTypeReturnTrueType[ 0 -&gt; Type: SAUCE, Name: hot sauce, Price: 100 ]" time="0.001"/>
  <testcase classname="IngredientTest" name="getNameReturnTrueName[ 1 -&gt; Type: SAUCE, Name: sour cream, Price: 0,01 ]" time="0"/>
  <testcase classname="IngredientTest" name="getPriceReturnTruePrice[ 1 -&gt; Type: SAUCE, Name: sour cream, Price: 0,01 ]" time="0"/>
  <testcase classname="IngredientTest" name="getTypeReturnTrueType[ 1 -&gt; Type: SAUCE, Name: sour cream, Price: 0,01 ]" time="0.001"/>
  <testcase classname="IngredientTest" name="getNameReturnTrueName[ 2 -&gt; Type: SAUCE, Name: chili sauce, Price: 300 ]" time="0"/>
  <testcase classname="IngredientTest" name="getPriceReturnTruePrice[ 2 -&gt; Type: SAUCE, Name: chili sauce, Price: 300 ]" time="0"/>
  <testcase classname="IngredientTest" name="getTypeReturnTrueType[ 2 -&gt; Type: SAUCE, Name: chili sauce, Price: 300 ]" time="0"/>
  <testcase classname="IngredientTest" name="getNameReturnTrueName[ 3 -&gt; Type: FILLING, Name: cutlet, Price: 100 ]" time="0"/>
  <testcase classname="IngredientTest" name="getPriceReturnTruePrice[ 3 -&gt; Type: FILLING, Name: cutlet, Price: 100 ]" time="0"/>
  <testcase classname="IngredientTest" name="getTypeReturnTrueType[ 3 -&gt; Type: FILLING, Name: cutlet, Price: 100 ]" time="0"/>
  <testcase classname="IngredientTest" name="getNameReturnTrueName[ 4 -&gt; Type: SAUCE, Name: galaxy sauce, Price: -100 ]" time="0"/>
  <testcase classname="IngredientTest" name="getPriceReturnTruePrice[ 4 -&gt; Type: SAUCE, Name: galaxy sauce, Price: -100 ]" time="0"/>
  <testcase classname="IngredientTest" name="getTypeReturnTrueType[ 4 -&gt; Type: SAUCE, Name: galaxy sauce, Price: -100 ]" time="0"/>
  <testcase classname="IngredientTest" name="getNameReturnTrueName[ 5 -&gt; Type: FILLING, Name: sausage, Price: 300 ]" time="0.001"/>
  <testcase classname="IngredientTest" name="getPriceReturnTruePrice[ 5 -&gt; Type: FILLING, Name: sausage, Price: 300 ]" time="0"/>
  <testcase classname="IngredientTest" name="getTypeReturnTrueType[ 5 -&gt; Type: FILLING, Name: sausage, Price: 300 ]" time="0"/>
  <testcase classname="IngredientTest" name="getNameReturnTrueName[ 6 -&gt; Type: FILLING, Name: null, Price: 200 ]" time="0"/>
  <testcase classname="IngredientTest" name="getPriceReturnTruePrice[ 6 -&gt; Type: FILLING, Name: null, Price: 200 ]" time="0.001"/>
  <testcase classname="IngredientTest" name="getTypeReturnTrueType[ 6 -&gt; Type: FILLING, Name: null, Price: 200 ]" time="0"/>
  <testcase classname="IngredientTest" name="getNameReturnTrueName[ 7 -&gt; Type: null, Name: sausage, Price: 300 ]" time="0"/>
  <testcase classname="IngredientTest" name="getPriceReturnTruePrice[ 7 -&gt; Type: null, Name: sausage, Price: 300 ]" time="0"/>
  <testcase classname="IngredientTest" name="getTypeReturnTrueType[ 7 -&gt; Type: null, Name: sausage, Price: 300 ]" time="0.001"/>
</testsuite>